<?xml version="1.0" encoding="UTF-8"?>
<!-- Generated by org.testng.reporters.JUnitXMLReporter -->
<testsuite ignored="0" hostname="INLEN8520065033" failures="1" tests="3" name="MyTestNGTests" time="0.056" errors="0" timestamp="2023-04-17T19:06:06 IST">
  <testcase classname="com.ListenersTests.TestClass2UsingXML" name="PassTest" time="0.006"/>
  <testcase classname="com.ListenersTests.TestClass2UsingXML" name="FailTest" time="0.003">
    <failure type="java.lang.AssertionError" message="expected [true] but found [false]">
      <![CDATA[java.lang.AssertionError: expected [true] but found [false]
at com.ListenersTests.TestClass2UsingXML.FailTest(TestClass2UsingXML.java:18)
at java.base/java.util.ArrayList.forEach(ArrayList.java:1511)
... Removed 33 stack frames]]>
    </failure>
  </testcase> <!-- FailTest -->
  <testcase classname="com.ListenersTests.TestClass2UsingXML" name="SkipTest" time="0.002">
    <skipped/>
  </testcase> <!-- SkipTest -->
</testsuite> <!-- MyTestNGTests -->
